2026-03-04 10:28:07.397 INFO  [restartedMain] kr.co.kalpa.pcms.PcmsApplication         : Starting PcmsApplication using Java 21.0.9 with PID 1912782 (/home/kdy987/work/pcms-react/backend/build/classes/java/main started by kdy987 in /home/kdy987/work/pcms-react/backend)
2026-03-04 10:28:07.399 DEBUG [restartedMain] kr.co.kalpa.pcms.PcmsApplication         : Running with Spring Boot v3.3.0, Spring v6.1.8
2026-03-04 10:28:07.399 INFO  [restartedMain] kr.co.kalpa.pcms.PcmsApplication         : The following 1 profile is active: "fedora"
2026-03-04 10:28:07.442 INFO  [restartedMain] .e.DevToolsPropertyDefaultsPostProcessor : Devtools property defaults active! Set 'spring.devtools.add-properties' to 'false' to disable
2026-03-04 10:28:07.442 INFO  [restartedMain] .e.DevToolsPropertyDefaultsPostProcessor : For additional web related logging consider setting the 'logging.level.web' property to 'DEBUG'
2026-03-04 10:28:08.256 INFO  [restartedMain] .s.d.r.c.RepositoryConfigurationDelegate : Multiple Spring Data modules found, entering strict repository configuration mode
2026-03-04 10:28:08.259 INFO  [restartedMain] .s.d.r.c.RepositoryConfigurationDelegate : Bootstrapping Spring Data Redis repositories in DEFAULT mode.
2026-03-04 10:28:08.283 INFO  [restartedMain] .s.d.r.c.RepositoryConfigurationDelegate : Finished Spring Data repository scanning in 11 ms. Found 0 Redis repository interfaces.
2026-03-04 10:28:09.052 INFO  [restartedMain] o.s.b.w.embedded.tomcat.TomcatWebServer  : Tomcat initialized with port 8585 (http)
2026-03-04 10:28:09.065 INFO  [restartedMain] o.a.coyote.http11.Http11NioProtocol      : Initializing ProtocolHandler ["http-nio-8585"]
2026-03-04 10:28:09.068 INFO  [restartedMain] o.apache.catalina.core.StandardService   : Starting service [Tomcat]
2026-03-04 10:28:09.068 INFO  [restartedMain] o.apache.catalina.core.StandardEngine    : Starting Servlet engine: [Apache Tomcat/10.1.24]
2026-03-04 10:28:09.114 INFO  [restartedMain] o.a.c.c.C.[Tomcat].[localhost].[/pcms]   : Initializing Spring embedded WebApplicationContext
2026-03-04 10:28:09.114 INFO  [restartedMain] w.s.c.ServletWebServerApplicationContext : Root WebApplicationContext: initialization completed in 1671 ms
2026-03-04 10:28:09.863 WARN  [restartedMain] .s.s.UserDetailsServiceAutoConfiguration : 

Using generated security password: edcfa121-4163-4d53-ba27-5adcf3e1b36e

This generated password is for development use only. Your security configuration must be updated before running your application in production.

2026-03-04 10:28:09.882 INFO  [restartedMain] r$InitializeUserDetailsManagerConfigurer : Global AuthenticationManager configured with UserDetailsService bean with name inMemoryUserDetailsManager
2026-03-04 10:28:10.150 INFO  [restartedMain] o.s.s.web.DefaultSecurityFilterChain     : Will secure any request with [org.springframework.security.web.session.DisableEncodeUrlFilter@41ee162e, org.springframework.security.web.context.request.async.WebAsyncManagerIntegrationFilter@d0f4616, org.springframework.security.web.context.SecurityContextHolderFilter@4faf0894, org.springframework.security.web.header.HeaderWriterFilter@5db912da, org.springframework.web.filter.CorsFilter@233027b9, org.springframework.security.web.authentication.logout.LogoutFilter@5e769e9b, kr.co.kalpa.pcms.security.JwtFilter@39ab44a0, org.springframework.security.web.savedrequest.RequestCacheAwareFilter@bfd3200, org.springframework.security.web.servletapi.SecurityContextHolderAwareRequestFilter@117c695d, org.springframework.security.web.authentication.AnonymousAuthenticationFilter@8c56add, org.springframework.security.web.session.SessionManagementFilter@20e0c895, org.springframework.security.web.access.ExceptionTranslationFilter@5b518c7f, org.springframework.security.web.access.intercept.AuthorizationFilter@5f0275f0]
2026-03-04 10:28:10.553 INFO  [restartedMain] o.s.b.d.a.OptionalLiveReloadServer       : LiveReload server is running on port 35729
2026-03-04 10:28:10.573 INFO  [restartedMain] o.a.coyote.http11.Http11NioProtocol      : Starting ProtocolHandler ["http-nio-8585"]
2026-03-04 10:28:10.582 INFO  [restartedMain] o.s.b.w.embedded.tomcat.TomcatWebServer  : Tomcat started on port 8585 (http) with context path '/pcms'
2026-03-04 10:28:10.598 INFO  [restartedMain] kr.co.kalpa.pcms.PcmsApplication         : Started PcmsApplication in 3.716 seconds (process running for 4.108)
2026-03-04 10:28:12.414 INFO  [http-nio-8585-exec-1] o.a.c.c.C.[Tomcat].[localhost].[/pcms]   : Initializing Spring DispatcherServlet 'dispatcherServlet'
2026-03-04 10:28:12.414 INFO  [http-nio-8585-exec-1] o.s.web.servlet.DispatcherServlet        : Initializing Servlet 'dispatcherServlet'
2026-03-04 10:28:12.416 INFO  [http-nio-8585-exec-1] o.s.web.servlet.DispatcherServlet        : Completed initialization in 1 ms
2026-03-04 10:28:12.525 INFO  [http-nio-8585-exec-1] com.zaxxer.hikari.HikariDataSource       : HikariPool-1 - Starting...
2026-03-04 10:28:12.720 INFO  [http-nio-8585-exec-1] com.zaxxer.hikari.pool.HikariPool        : HikariPool-1 - Added connection org.postgresql.jdbc.PgConnection@505a989f
2026-03-04 10:28:12.722 INFO  [http-nio-8585-exec-1] com.zaxxer.hikari.HikariDataSource       : HikariPool-1 - Start completed.
2026-03-04 10:28:12.730 DEBUG [http-nio-8585-exec-1] k.c.k.p.mapper.UserMapper.findByUserId   : ==>  Preparing: SELECT id, user_id, user_pw, user_nm, created_at FROM cms.users WHERE user_id = ?
2026-03-04 10:28:12.751 DEBUG [http-nio-8585-exec-1] k.c.k.p.mapper.UserMapper.findByUserId   : ==> Parameters: kdy987(String)
2026-03-04 10:28:12.787 DEBUG [http-nio-8585-exec-1] k.c.k.p.mapper.UserMapper.findByUserId   : <==      Total: 1
2026-03-04 10:28:13.289 INFO  [http-nio-8585-exec-1] k.c.k.pcms.service.impl.AuthServiceImpl  : login success: kdy987
2026-03-04 10:28:43.803 DEBUG [http-nio-8585-exec-2] k.c.k.p.mapper.UserMapper.findByUserId   : ==>  Preparing: SELECT id, user_id, user_pw, user_nm, created_at FROM cms.users WHERE user_id = ?
2026-03-04 10:28:43.804 DEBUG [http-nio-8585-exec-2] k.c.k.p.mapper.UserMapper.findByUserId   : ==> Parameters: kdy987(String)
2026-03-04 10:28:43.813 DEBUG [http-nio-8585-exec-2] k.c.k.p.mapper.UserMapper.findByUserId   : <==      Total: 1
2026-03-04 10:28:43.819 WARN  [http-nio-8585-exec-2] .w.s.m.a.ResponseStatusExceptionResolver : Resolved [org.springframework.web.server.ResponseStatusException: 401 UNAUTHORIZED "아이디 또는 비밀번호가 올바르지 않습니다."]
2026-03-04 10:28:53.230 DEBUG [http-nio-8585-exec-4] k.c.k.p.mapper.UserMapper.findByUserId   : ==>  Preparing: SELECT id, user_id, user_pw, user_nm, created_at FROM cms.users WHERE user_id = ?
2026-03-04 10:28:53.230 DEBUG [http-nio-8585-exec-4] k.c.k.p.mapper.UserMapper.findByUserId   : ==> Parameters: kdy987(String)
2026-03-04 10:28:53.240 DEBUG [http-nio-8585-exec-4] k.c.k.p.mapper.UserMapper.findByUserId   : <==      Total: 1
2026-03-04 10:28:53.240 WARN  [http-nio-8585-exec-4] .w.s.m.a.ResponseStatusExceptionResolver : Resolved [org.springframework.web.server.ResponseStatusException: 401 UNAUTHORIZED "아이디 또는 비밀번호가 올바르지 않습니다."]
2026-03-04 10:29:01.883 DEBUG [http-nio-8585-exec-6] k.c.k.p.mapper.UserMapper.findByUserId   : ==>  Preparing: SELECT id, user_id, user_pw, user_nm, created_at FROM cms.users WHERE user_id = ?
2026-03-04 10:29:01.883 DEBUG [http-nio-8585-exec-6] k.c.k.p.mapper.UserMapper.findByUserId   : ==> Parameters: kdy987(String)
2026-03-04 10:29:01.891 DEBUG [http-nio-8585-exec-6] k.c.k.p.mapper.UserMapper.findByUserId   : <==      Total: 1
2026-03-04 10:29:01.895 INFO  [http-nio-8585-exec-6] k.c.k.pcms.service.impl.AuthServiceImpl  : login success: kdy987
2026-03-04 10:30:00.288 DEBUG [http-nio-8585-exec-8] k.c.k.p.mapper.UserMapper.findByUserId   : ==>  Preparing: SELECT id, user_id, user_pw, user_nm, created_at FROM cms.users WHERE user_id = ?
2026-03-04 10:30:00.288 DEBUG [http-nio-8585-exec-8] k.c.k.p.mapper.UserMapper.findByUserId   : ==> Parameters: kdy987(String)
2026-03-04 10:30:00.297 DEBUG [http-nio-8585-exec-8] k.c.k.p.mapper.UserMapper.findByUserId   : <==      Total: 1
2026-03-04 10:30:00.297 WARN  [http-nio-8585-exec-8] .w.s.m.a.ResponseStatusExceptionResolver : Resolved [org.springframework.web.server.ResponseStatusException: 401 UNAUTHORIZED "아이디 또는 비밀번호가 올바르지 않습니다."]
2026-03-04 10:30:18.548 DEBUG [http-nio-8585-exec-10] k.c.k.p.mapper.UserMapper.findByUserId   : ==>  Preparing: SELECT id, user_id, user_pw, user_nm, created_at FROM cms.users WHERE user_id = ?
2026-03-04 10:30:18.549 DEBUG [http-nio-8585-exec-10] k.c.k.p.mapper.UserMapper.findByUserId   : ==> Parameters: kdy987(String)
2026-03-04 10:30:18.561 DEBUG [http-nio-8585-exec-10] k.c.k.p.mapper.UserMapper.findByUserId   : <==      Total: 1
2026-03-04 10:30:18.562 WARN  [http-nio-8585-exec-10] .w.s.m.a.ResponseStatusExceptionResolver : Resolved [org.springframework.web.server.ResponseStatusException: 401 UNAUTHORIZED "아이디 또는 비밀번호가 올바르지 않습니다."]
2026-03-04 10:31:54.331 INFO  [SpringApplicationShutdownHook] com.zaxxer.hikari.HikariDataSource       : HikariPool-1 - Shutdown initiated...
2026-03-04 10:31:54.333 INFO  [SpringApplicationShutdownHook] com.zaxxer.hikari.HikariDataSource       : HikariPool-1 - Shutdown completed.
2026-03-04 10:32:00.530 INFO  [restartedMain] kr.co.kalpa.pcms.PcmsApplication         : Starting PcmsApplication using Java 21.0.9 with PID 1915837 (/home/kdy987/work/pcms-react/backend/build/classes/java/main started by kdy987 in /home/kdy987/work/pcms-react/backend)
2026-03-04 10:32:00.531 DEBUG [restartedMain] kr.co.kalpa.pcms.PcmsApplication         : Running with Spring Boot v3.3.0, Spring v6.1.8
2026-03-04 10:32:00.532 INFO  [restartedMain] kr.co.kalpa.pcms.PcmsApplication         : The following 1 profile is active: "fedora"
2026-03-04 10:32:00.576 INFO  [restartedMain] .e.DevToolsPropertyDefaultsPostProcessor : Devtools property defaults active! Set 'spring.devtools.add-properties' to 'false' to disable
2026-03-04 10:32:00.577 INFO  [restartedMain] .e.DevToolsPropertyDefaultsPostProcessor : For additional web related logging consider setting the 'logging.level.web' property to 'DEBUG'
2026-03-04 10:32:01.361 INFO  [restartedMain] .s.d.r.c.RepositoryConfigurationDelegate : Multiple Spring Data modules found, entering strict repository configuration mode
2026-03-04 10:32:01.364 INFO  [restartedMain] .s.d.r.c.RepositoryConfigurationDelegate : Bootstrapping Spring Data Redis repositories in DEFAULT mode.
2026-03-04 10:32:01.387 INFO  [restartedMain] .s.d.r.c.RepositoryConfigurationDelegate : Finished Spring Data repository scanning in 11 ms. Found 0 Redis repository interfaces.
2026-03-04 10:32:02.044 INFO  [restartedMain] o.s.b.w.embedded.tomcat.TomcatWebServer  : Tomcat initialized with port 8585 (http)
2026-03-04 10:32:02.055 INFO  [restartedMain] o.a.coyote.http11.Http11NioProtocol      : Initializing ProtocolHandler ["http-nio-8585"]
2026-03-04 10:32:02.058 INFO  [restartedMain] o.apache.catalina.core.StandardService   : Starting service [Tomcat]
2026-03-04 10:32:02.058 INFO  [restartedMain] o.apache.catalina.core.StandardEngine    : Starting Servlet engine: [Apache Tomcat/10.1.24]
2026-03-04 10:32:02.100 INFO  [restartedMain] o.a.c.c.C.[Tomcat].[localhost].[/pcms]   : Initializing Spring embedded WebApplicationContext
2026-03-04 10:32:02.100 INFO  [restartedMain] w.s.c.ServletWebServerApplicationContext : Root WebApplicationContext: initialization completed in 1523 ms
2026-03-04 10:32:02.800 WARN  [restartedMain] .s.s.UserDetailsServiceAutoConfiguration : 

Using generated security password: 9d6c3303-a41f-4921-8fa2-05c1a2edb107

This generated password is for development use only. Your security configuration must be updated before running your application in production.

2026-03-04 10:32:02.819 INFO  [restartedMain] r$InitializeUserDetailsManagerConfigurer : Global AuthenticationManager configured with UserDetailsService bean with name inMemoryUserDetailsManager
2026-03-04 10:32:03.058 INFO  [restartedMain] o.s.s.web.DefaultSecurityFilterChain     : Will secure any request with [org.springframework.security.web.session.DisableEncodeUrlFilter@3ecf9ed2, org.springframework.security.web.context.request.async.WebAsyncManagerIntegrationFilter@1dff8854, org.springframework.security.web.context.SecurityContextHolderFilter@6f0e8580, org.springframework.security.web.header.HeaderWriterFilter@240e7afe, org.springframework.web.filter.CorsFilter@f711d54, org.springframework.security.web.authentication.logout.LogoutFilter@404dcc47, kr.co.kalpa.pcms.security.JwtFilter@40609d67, org.springframework.security.web.savedrequest.RequestCacheAwareFilter@5b22d2c1, org.springframework.security.web.servletapi.SecurityContextHolderAwareRequestFilter@788f3f43, org.springframework.security.web.authentication.AnonymousAuthenticationFilter@21bb2b7, org.springframework.security.web.session.SessionManagementFilter@39bbffff, org.springframework.security.web.access.ExceptionTranslationFilter@4d36ec32, org.springframework.security.web.access.intercept.AuthorizationFilter@8c56add]
2026-03-04 10:32:03.357 INFO  [restartedMain] o.s.b.d.a.OptionalLiveReloadServer       : LiveReload server is running on port 35729
2026-03-04 10:32:03.373 INFO  [restartedMain] o.a.coyote.http11.Http11NioProtocol      : Starting ProtocolHandler ["http-nio-8585"]
2026-03-04 10:32:03.382 INFO  [restartedMain] o.s.b.w.embedded.tomcat.TomcatWebServer  : Tomcat started on port 8585 (http) with context path '/pcms'
2026-03-04 10:32:03.396 INFO  [restartedMain] kr.co.kalpa.pcms.PcmsApplication         : Started PcmsApplication in 3.411 seconds (process running for 3.785)
2026-03-04 10:32:04.600 INFO  [http-nio-8585-exec-1] o.a.c.c.C.[Tomcat].[localhost].[/pcms]   : Initializing Spring DispatcherServlet 'dispatcherServlet'
2026-03-04 10:32:04.600 INFO  [http-nio-8585-exec-1] o.s.web.servlet.DispatcherServlet        : Initializing Servlet 'dispatcherServlet'
2026-03-04 10:32:04.601 INFO  [http-nio-8585-exec-1] o.s.web.servlet.DispatcherServlet        : Completed initialization in 1 ms
2026-03-04 10:32:04.704 INFO  [http-nio-8585-exec-1] com.zaxxer.hikari.HikariDataSource       : HikariPool-1 - Starting...
2026-03-04 10:32:04.914 INFO  [http-nio-8585-exec-1] com.zaxxer.hikari.pool.HikariPool        : HikariPool-1 - Added connection org.postgresql.jdbc.PgConnection@21690cba
2026-03-04 10:32:04.916 INFO  [http-nio-8585-exec-1] com.zaxxer.hikari.HikariDataSource       : HikariPool-1 - Start completed.
2026-03-04 10:32:04.923 DEBUG [http-nio-8585-exec-1] k.c.k.p.mapper.UserMapper.findByUserId   : ==>  Preparing: SELECT id, user_id, user_pw, user_nm, created_at FROM cms.users WHERE user_id = ?
2026-03-04 10:32:04.943 DEBUG [http-nio-8585-exec-1] k.c.k.p.mapper.UserMapper.findByUserId   : ==> Parameters: kdy987(String)
2026-03-04 10:32:04.977 DEBUG [http-nio-8585-exec-1] k.c.k.p.mapper.UserMapper.findByUserId   : <==      Total: 1
2026-03-04 10:32:05.453 INFO  [http-nio-8585-exec-1] k.c.k.pcms.service.impl.AuthServiceImpl  : login success: kdy987
2026-03-04 10:32:08.294 DEBUG [http-nio-8585-exec-2] k.c.k.p.mapper.UserMapper.findByUserId   : ==>  Preparing: SELECT id, user_id, user_pw, user_nm, created_at FROM cms.users WHERE user_id = ?
2026-03-04 10:32:08.294 DEBUG [http-nio-8585-exec-2] k.c.k.p.mapper.UserMapper.findByUserId   : ==> Parameters: kdy987(String)
2026-03-04 10:32:08.305 DEBUG [http-nio-8585-exec-2] k.c.k.p.mapper.UserMapper.findByUserId   : <==      Total: 1
2026-03-04 10:32:08.316 WARN  [http-nio-8585-exec-2] .m.m.a.ExceptionHandlerExceptionResolver : Resolved [org.springframework.web.server.ResponseStatusException: 401 UNAUTHORIZED "아이디 또는 비밀번호가 올바르지 않습니다."]
2026-03-04 10:40:03.501 INFO  [SpringApplicationShutdownHook] com.zaxxer.hikari.HikariDataSource       : HikariPool-1 - Shutdown initiated...
2026-03-04 10:40:03.503 INFO  [SpringApplicationShutdownHook] com.zaxxer.hikari.HikariDataSource       : HikariPool-1 - Shutdown completed.
2026-03-04 10:40:11.728 INFO  [restartedMain] kr.co.kalpa.pcms.PcmsApplication         : Starting PcmsApplication using Java 21.0.9 with PID 1921441 (/home/kdy987/work/pcms-react/backend/build/classes/java/main started by kdy987 in /home/kdy987/work/pcms-react/backend)
2026-03-04 10:40:11.729 DEBUG [restartedMain] kr.co.kalpa.pcms.PcmsApplication         : Running with Spring Boot v3.3.0, Spring v6.1.8
2026-03-04 10:40:11.730 INFO  [restartedMain] kr.co.kalpa.pcms.PcmsApplication         : The following 1 profile is active: "fedora"
2026-03-04 10:40:11.771 INFO  [restartedMain] .e.DevToolsPropertyDefaultsPostProcessor : Devtools property defaults active! Set 'spring.devtools.add-properties' to 'false' to disable
2026-03-04 10:40:11.771 INFO  [restartedMain] .e.DevToolsPropertyDefaultsPostProcessor : For additional web related logging consider setting the 'logging.level.web' property to 'DEBUG'
2026-03-04 10:40:12.556 INFO  [restartedMain] .s.d.r.c.RepositoryConfigurationDelegate : Multiple Spring Data modules found, entering strict repository configuration mode
2026-03-04 10:40:12.558 INFO  [restartedMain] .s.d.r.c.RepositoryConfigurationDelegate : Bootstrapping Spring Data Redis repositories in DEFAULT mode.
2026-03-04 10:40:12.580 INFO  [restartedMain] .s.d.r.c.RepositoryConfigurationDelegate : Finished Spring Data repository scanning in 10 ms. Found 0 Redis repository interfaces.
2026-03-04 10:40:13.238 INFO  [restartedMain] o.s.b.w.embedded.tomcat.TomcatWebServer  : Tomcat initialized with port 8585 (http)
2026-03-04 10:40:13.249 INFO  [restartedMain] o.a.coyote.http11.Http11NioProtocol      : Initializing ProtocolHandler ["http-nio-8585"]
2026-03-04 10:40:13.251 INFO  [restartedMain] o.apache.catalina.core.StandardService   : Starting service [Tomcat]
2026-03-04 10:40:13.251 INFO  [restartedMain] o.apache.catalina.core.StandardEngine    : Starting Servlet engine: [Apache Tomcat/10.1.24]
2026-03-04 10:40:13.293 INFO  [restartedMain] o.a.c.c.C.[Tomcat].[localhost].[/pcms]   : Initializing Spring embedded WebApplicationContext
2026-03-04 10:40:13.293 INFO  [restartedMain] w.s.c.ServletWebServerApplicationContext : Root WebApplicationContext: initialization completed in 1522 ms
2026-03-04 10:40:14.018 WARN  [restartedMain] .s.s.UserDetailsServiceAutoConfiguration : 

Using generated security password: 1029eb1a-0e80-499c-8050-8280d8165e12

This generated password is for development use only. Your security configuration must be updated before running your application in production.

2026-03-04 10:40:14.036 INFO  [restartedMain] r$InitializeUserDetailsManagerConfigurer : Global AuthenticationManager configured with UserDetailsService bean with name inMemoryUserDetailsManager
2026-03-04 10:40:14.280 INFO  [restartedMain] o.s.s.web.DefaultSecurityFilterChain     : Will secure any request with [org.springframework.security.web.session.DisableEncodeUrlFilter@7f45bfef, org.springframework.security.web.context.request.async.WebAsyncManagerIntegrationFilter@25e4acf8, org.springframework.security.web.context.SecurityContextHolderFilter@7ee52792, org.springframework.security.web.header.HeaderWriterFilter@4faf0894, org.springframework.web.filter.CorsFilter@19ebde98, org.springframework.security.web.authentication.logout.LogoutFilter@5ede09ff, kr.co.kalpa.pcms.security.JwtFilter@18040cca, org.springframework.security.web.savedrequest.RequestCacheAwareFilter@788f3f43, org.springframework.security.web.servletapi.SecurityContextHolderAwareRequestFilter@72b893e2, org.springframework.security.web.authentication.AnonymousAuthenticationFilter@4a6c62e2, org.springframework.security.web.session.SessionManagementFilter@655a3ea5, org.springframework.security.web.access.ExceptionTranslationFilter@6a310079, org.springframework.security.web.access.intercept.AuthorizationFilter@63c73788]
2026-03-04 10:40:14.621 INFO  [restartedMain] o.s.b.d.a.OptionalLiveReloadServer       : LiveReload server is running on port 35729
2026-03-04 10:40:14.640 INFO  [restartedMain] o.a.coyote.http11.Http11NioProtocol      : Starting ProtocolHandler ["http-nio-8585"]
2026-03-04 10:40:14.649 INFO  [restartedMain] o.s.b.w.embedded.tomcat.TomcatWebServer  : Tomcat started on port 8585 (http) with context path '/pcms'
2026-03-04 10:40:14.661 INFO  [restartedMain] kr.co.kalpa.pcms.PcmsApplication         : Started PcmsApplication in 3.436 seconds (process running for 3.815)
2026-03-04 10:40:15.544 INFO  [http-nio-8585-exec-1] o.a.c.c.C.[Tomcat].[localhost].[/pcms]   : Initializing Spring DispatcherServlet 'dispatcherServlet'
2026-03-04 10:40:15.545 INFO  [http-nio-8585-exec-1] o.s.web.servlet.DispatcherServlet        : Initializing Servlet 'dispatcherServlet'
2026-03-04 10:40:15.546 INFO  [http-nio-8585-exec-1] o.s.web.servlet.DispatcherServlet        : Completed initialization in 1 ms
2026-03-04 10:40:15.651 INFO  [http-nio-8585-exec-1] com.zaxxer.hikari.HikariDataSource       : HikariPool-1 - Starting...
2026-03-04 10:40:15.844 INFO  [http-nio-8585-exec-1] com.zaxxer.hikari.pool.HikariPool        : HikariPool-1 - Added connection org.postgresql.jdbc.PgConnection@17cd7a5f
2026-03-04 10:40:15.846 INFO  [http-nio-8585-exec-1] com.zaxxer.hikari.HikariDataSource       : HikariPool-1 - Start completed.
2026-03-04 10:40:15.856 DEBUG [http-nio-8585-exec-1] k.c.k.p.mapper.UserMapper.findByUserId   : ==>  Preparing: SELECT id, user_id, user_pw, user_nm, created_at FROM cms.users WHERE user_id = ?
2026-03-04 10:40:15.877 DEBUG [http-nio-8585-exec-1] k.c.k.p.mapper.UserMapper.findByUserId   : ==> Parameters: kdy987(String)
2026-03-04 10:40:15.914 DEBUG [http-nio-8585-exec-1] k.c.k.p.mapper.UserMapper.findByUserId   : <==      Total: 1
2026-03-04 10:40:15.967 WARN  [http-nio-8585-exec-1] .m.m.a.ExceptionHandlerExceptionResolver : Resolved [org.springframework.web.server.ResponseStatusException: 401 UNAUTHORIZED "아이디 또는 비밀번호가 올바르지 않습니다."]
2026-03-04 10:40:49.478 DEBUG [http-nio-8585-exec-2] k.c.k.p.mapper.UserMapper.findByUserId   : ==>  Preparing: SELECT id, user_id, user_pw, user_nm, created_at FROM cms.users WHERE user_id = ?
2026-03-04 10:40:49.478 DEBUG [http-nio-8585-exec-2] k.c.k.p.mapper.UserMapper.findByUserId   : ==> Parameters: kdy987(String)
2026-03-04 10:40:49.486 DEBUG [http-nio-8585-exec-2] k.c.k.p.mapper.UserMapper.findByUserId   : <==      Total: 1
2026-03-04 10:40:49.488 WARN  [http-nio-8585-exec-2] .m.m.a.ExceptionHandlerExceptionResolver : Resolved [org.springframework.web.server.ResponseStatusException: 401 UNAUTHORIZED "아이디 또는 비밀번호가 올바르지 않습니다."]
2026-03-04 10:41:11.286 DEBUG [http-nio-8585-exec-3] k.c.k.p.mapper.UserMapper.findByUserId   : ==>  Preparing: SELECT id, user_id, user_pw, user_nm, created_at FROM cms.users WHERE user_id = ?
2026-03-04 10:41:11.290 DEBUG [http-nio-8585-exec-3] k.c.k.p.mapper.UserMapper.findByUserId   : ==> Parameters: kdy987(String)
2026-03-04 10:41:11.303 DEBUG [http-nio-8585-exec-3] k.c.k.p.mapper.UserMapper.findByUserId   : <==      Total: 1
2026-03-04 10:41:11.305 WARN  [http-nio-8585-exec-3] .m.m.a.ExceptionHandlerExceptionResolver : Resolved [org.springframework.web.server.ResponseStatusException: 401 UNAUTHORIZED "아이디 또는 비밀번호가 올바르지 않습니다."]
2026-03-04 10:41:16.008 DEBUG [http-nio-8585-exec-5] k.c.k.p.mapper.UserMapper.findByUserId   : ==>  Preparing: SELECT id, user_id, user_pw, user_nm, created_at FROM cms.users WHERE user_id = ?
2026-03-04 10:41:16.009 DEBUG [http-nio-8585-exec-5] k.c.k.p.mapper.UserMapper.findByUserId   : ==> Parameters: kdy987(String)
2026-03-04 10:41:16.017 DEBUG [http-nio-8585-exec-5] k.c.k.p.mapper.UserMapper.findByUserId   : <==      Total: 1
2026-03-04 10:41:16.471 INFO  [http-nio-8585-exec-5] k.c.k.pcms.service.impl.AuthServiceImpl  : login success: kdy987
2026-03-04 10:41:37.630 INFO  [http-nio-8585-exec-7] k.c.k.pcms.controller.DiaryController    : getList diary: PageRequestDto(page=1, size=10, startYmd=null, endYmd=null, keyword=null)
2026-03-04 10:41:37.664 DEBUG [http-nio-8585-exec-7] k.c.k.p.m.DiaryMapper.selectDiaryList    : ==>  Preparing: SELECT id, ymd, content, summary, created_at as createdAt, updated_at as updatedAt FROM cms.diary ORDER BY ymd DESC, id DESC LIMIT ? OFFSET ?
2026-03-04 10:41:37.666 DEBUG [http-nio-8585-exec-7] k.c.k.p.m.DiaryMapper.selectDiaryList    : ==> Parameters: 10(Integer), 0(Integer)
2026-03-04 10:41:37.676 DEBUG [http-nio-8585-exec-7] k.c.k.p.m.DiaryMapper.selectDiaryList    : <==      Total: 0
2026-03-04 10:41:37.677 DEBUG [http-nio-8585-exec-7] k.c.k.p.m.DiaryMapper.selectDiaryCount   : ==>  Preparing: SELECT count(*) FROM cms.diary
2026-03-04 10:41:37.677 DEBUG [http-nio-8585-exec-7] k.c.k.p.m.DiaryMapper.selectDiaryCount   : ==> Parameters: 
2026-03-04 10:41:37.696 DEBUG [http-nio-8585-exec-7] k.c.k.p.m.DiaryMapper.selectDiaryCount   : <==      Total: 1
2026-03-04 10:42:24.799 INFO  [http-nio-8585-exec-9] k.c.k.pcms.service.impl.AuthServiceImpl  : logout success: kdy987
